\BOOKMARK [1][-]{section*.1}{Declaration of honor}{}% 1
\BOOKMARK [1][-]{section*.3}{Foreword}{}% 2
\BOOKMARK [1][-]{section.1}{1 Introduction}{}% 3
\BOOKMARK [2][-]{subsection.1.1}{1.1 Bitcoin: Peer to Peer Electronic Cash}{section.1}% 4
\BOOKMARK [3][-]{subsubsection.1.1.1}{1.1.1 History of digital cash}{subsection.1.1}% 5
\BOOKMARK [3][-]{subsubsection.1.1.2}{1.1.2 Scaling solutions}{subsection.1.1}% 6
\BOOKMARK [2][-]{subsection.1.2}{1.2 Lightning technology}{section.1}% 7
\BOOKMARK [3][-]{subsubsection.1.2.1}{1.2.1 Payment channels}{subsection.1.2}% 8
\BOOKMARK [3][-]{subsubsection.1.2.2}{1.2.2 Using other channels for payments}{subsection.1.2}% 9
\BOOKMARK [3][-]{subsubsection.1.2.3}{1.2.3 Routing}{subsection.1.2}% 10
\BOOKMARK [1][-]{section.2}{2 Problems in graph theory}{}% 11
\BOOKMARK [2][-]{subsection.2.1}{2.1 Formal definition}{section.2}% 12
\BOOKMARK [2][-]{subsection.2.2}{2.2 Overview of broad problems}{section.2}% 13
\BOOKMARK [2][-]{subsection.2.3}{2.3 Application in the Lightning Network}{section.2}% 14
\BOOKMARK [3][-]{subsubsection.2.3.1}{2.3.1 Fees}{subsection.2.3}% 15
\BOOKMARK [3][-]{subsubsection.2.3.2}{2.3.2 Path finding problem}{subsection.2.3}% 16
\BOOKMARK [2][-]{subsection.2.4}{2.4 Previous work}{section.2}% 17
\BOOKMARK [2][-]{subsection.2.5}{2.5 Problem statement}{section.2}% 18
\BOOKMARK [1][-]{section.3}{3 Experiment}{}% 19
\BOOKMARK [2][-]{subsection.3.1}{3.1 Methodology}{section.3}% 20
\BOOKMARK [3][-]{subsubsection.3.1.1}{3.1.1 Python libraries}{subsection.3.1}% 21
\BOOKMARK [3][-]{subsubsection.3.1.2}{3.1.2 Network class}{subsection.3.1}% 22
\BOOKMARK [3][-]{subsubsection.3.1.3}{3.1.3 Experiment class}{subsection.3.1}% 23
\BOOKMARK [3][-]{subsubsection.3.1.4}{3.1.4 Command line interface}{subsection.3.1}% 24
\BOOKMARK [2][-]{subsection.3.2}{3.2 Data collection}{section.3}% 25
\BOOKMARK [2][-]{subsection.3.3}{3.3 Preprocessing}{section.3}% 26
\BOOKMARK [3][-]{subsubsection.3.3.1}{3.3.1 Remove incomplete data}{subsection.3.3}% 27
\BOOKMARK [3][-]{subsubsection.3.3.2}{3.3.2 Allocate local balances}{subsection.3.3}% 28
\BOOKMARK [2][-]{subsection.3.4}{3.4 Proactive Rebalancing Protocol}{section.3}% 29
\BOOKMARK [3][-]{subsubsection.3.4.1}{3.4.1 Rebalancing}{subsection.3.4}% 30
\BOOKMARK [3][-]{subsubsection.3.4.2}{3.4.2 Rebalancing algorithm}{subsection.3.4}% 31
\BOOKMARK [3][-]{subsubsection.3.4.3}{3.4.3 Protocol change}{subsection.3.4}% 32
\BOOKMARK [2][-]{subsection.3.5}{3.5 Performance Measures}{section.3}% 33
\BOOKMARK [3][-]{subsubsection.3.5.1}{3.5.1 Success rate on shortest path}{subsection.3.5}% 34
\BOOKMARK [3][-]{subsubsection.3.5.2}{3.5.2 Payment size on shortest path}{subsection.3.5}% 35
\BOOKMARK [3][-]{subsubsection.3.5.3}{3.5.3 Ability to route different payment sizes}{subsection.3.5}% 36
\BOOKMARK [1][-]{section.4}{4 Results}{}% 37
\BOOKMARK [1][-]{section.5}{5 Conclusion \046 Outlook}{}% 38
\BOOKMARK [1][-]{section*.43}{References}{}% 39
\BOOKMARK [1][-]{section*.45}{Glossary}{}% 40
\BOOKMARK [1][-]{appendix.A}{A Some appendix}{}% 41
